<?xml version="1.0" encoding="UTF-8"?>
<!-- Generated by org.testng.reporters.JUnitReportReporter -->
<testsuite hostname="MacBook-Pro-5.local" failures="0" tests="1" name="cucumberOptions.TestNGTestRunner" time="24.668" errors="0" timestamp="2024-12-24T22:34:23 IST" skipped="0">
  <testcase classname="cucumberOptions.TestNGTestRunner" name="runScenario" time="24.668"/>
</testsuite> <!-- cucumberOptions.TestNGTestRunner -->
