<?xml version="1.0" encoding="UTF-8"?>
<!-- Generated by org.testng.reporters.JUnitReportReporter -->
<testsuite hostname="MacBook-Pro-5.local" failures="0" tests="1" name="cucumberOptions.TestNGTestRunner" time="947.222" errors="0" timestamp="2024-11-18T09:23:28 IST" skipped="0">
  <testcase classname="cucumberOptions.TestNGTestRunner" name="runScenario" time="947.222"/>
</testsuite> <!-- cucumberOptions.TestNGTestRunner -->
